
Apr 21, 2025 3:10:49 AM LogClass logUserInfo
INFO: 
--------------
User ID: Steve
IP Address: 127.0.0.1
Port Number: 49993
Queries Made: 3
Time of Connection: 04-21-2025 03:10:13
Time Disconnected: 04-21-2025 03:10:49
Up time: PT36.146067S
--------------
Apr 21, 2025 3:13:15 AM LogClass logUserInfo
INFO: 
--------------
User ID: Steve
IP Address: 127.0.0.1
Port Number: 49998
Queries Made: 3
Time of Connection: 04-21-2025 03:12:41
Time Disconnected: 04-21-2025 03:13:15
Up time: PT33.807084S
--------------
Apr 29, 2025 5:27:27 PM LogClass logUserInfo
INFO: 
--------------
User ID: Martin 
IP Address: 127.0.0.1
Port Number: 54922
Queries Made: 0
Time of Connection: 04-29-2025 17:26:23
Time Disconnected: 04-29-2025 17:27:27
Up time: PT1M3.762301S
--------------
Apr 29, 2025 5:28:41 PM LogClass logUserInfo
INFO: 
--------------
User ID: Maritn
IP Address: 127.0.0.1
Port Number: 54927
Queries Made: 3
Time of Connection: 04-29-2025 17:28:13
Time Disconnected: 04-29-2025 17:28:41
Up time: PT28.41327S
--------------
Apr 29, 2025 5:57:56 PM LogClass logUserInfo
INFO: 
--------------
User ID: Jerry
IP Address: 127.0.0.1
Port Number: 55061
Queries Made: 2
Time of Connection: 04-29-2025 17:57:49
Time Disconnected: 04-29-2025 17:57:56
Up time: PT6.697691S
--------------
Apr 29, 2025 5:59:40 PM LogClass logUserInfo
INFO: 
--------------
User ID: Karen
IP Address: 127.0.0.1
Port Number: 55065
Queries Made: 3
Time of Connection: 04-29-2025 17:59:30
Time Disconnected: 04-29-2025 17:59:40
Up time: PT9.966224S
--------------
Apr 29, 2025 6:01:54 PM LogClass logUserInfo
INFO: 
--------------
User ID: Stevette
IP Address: 127.0.0.1
Port Number: 55074
Queries Made: 3
Time of Connection: 04-29-2025 18:01:48
Time Disconnected: 04-29-2025 18:01:54
Up time: PT5.426956S
--------------
Apr 29, 2025 6:03:50 PM LogClass logUserInfo
INFO: 
--------------
User ID: Stevette
IP Address: 127.0.0.1
Port Number: 55077
Queries Made: 3
Time of Connection: 04-29-2025 18:03:43
Time Disconnected: 04-29-2025 18:03:50
Up time: PT6.807602S
--------------
Apr 29, 2025 6:03:50 PM LogClass logUserInfo
INFO: 
--------------
User ID: Joe
IP Address: 127.0.0.1
Port Number: 55079
Queries Made: 3
Time of Connection: 04-29-2025 18:03:45
Time Disconnected: 04-29-2025 18:03:50
Up time: PT4.766683S
--------------
Apr 29, 2025 6:03:50 PM LogClass logUserInfo
INFO: 
--------------
User ID: Stevette
IP Address: 127.0.0.1
Port Number: 55078
Queries Made: 3
Time of Connection: 04-29-2025 18:03:44
Time Disconnected: 04-29-2025 18:03:50
Up time: PT6.230307S
--------------
Apr 29, 2025 6:09:00 PM LogClass logUserInfo
INFO: 
--------------
User ID: Karen
IP Address: 127.0.0.1
Port Number: 55095
Queries Made: 2
Time of Connection: 04-29-2025 18:08:54
Time Disconnected: 04-29-2025 18:09:00
Up time: PT6.484202S
--------------
Apr 29, 2025 6:10:10 PM LogClass logUserInfo
INFO: 
--------------
User ID: Stevette
IP Address: 127.0.0.1
Port Number: 55099
Queries Made: 3
Time of Connection: 04-29-2025 18:10:02
Time Disconnected: 04-29-2025 18:10:10
Up time: PT7.212961S
--------------
Apr 29, 2025 6:11:52 PM LogClass logUserInfo
INFO: 
--------------
User ID: Steve
IP Address: 127.0.0.1
Port Number: 55105
Queries Made: 3
Time of Connection: 04-29-2025 18:11:45
Time Disconnected: 04-29-2025 18:11:52
Up time: PT6.559083S
--------------
Apr 29, 2025 6:13:31 PM LogClass logUserInfo
INFO: 
--------------
User ID: Karen
IP Address: 127.0.0.1
Port Number: 55108
Queries Made: 3
Time of Connection: 04-29-2025 18:13:10
Time Disconnected: 04-29-2025 18:13:31
Up time: PT20.97415S
--------------
Apr 29, 2025 6:14:52 PM LogClass logUserInfo
INFO: 
--------------
User ID: Joe
IP Address: 127.0.0.1
Port Number: 55110
Queries Made: 3
Time of Connection: 04-29-2025 18:14:38
Time Disconnected: 04-29-2025 18:14:52
Up time: PT14.078323S
--------------
Apr 29, 2025 6:15:56 PM LogClass logUserInfo
INFO: 
--------------
User ID: Steve
IP Address: 127.0.0.1
Port Number: 55114
Queries Made: 3
Time of Connection: 04-29-2025 18:15:45
Time Disconnected: 04-29-2025 18:15:56
Up time: PT10.917099S
--------------
Apr 29, 2025 6:15:57 PM LogClass logUserInfo
INFO: 
--------------
User ID: Stevette
IP Address: 127.0.0.1
Port Number: 55113
Queries Made: 3
Time of Connection: 04-29-2025 18:15:46
Time Disconnected: 04-29-2025 18:15:57
Up time: PT11.239598S
--------------
Apr 29, 2025 6:15:59 PM LogClass logUserInfo
INFO: 
--------------
User ID: Stevette
IP Address: 127.0.0.1
Port Number: 55112
Queries Made: 3
Time of Connection: 04-29-2025 18:15:44
Time Disconnected: 04-29-2025 18:15:59
Up time: PT15.149371S
--------------
Apr 29, 2025 6:17:33 PM LogClass logUserInfo
INFO: 
--------------
User ID: martin
IP Address: 127.0.0.1
Port Number: 55118
Queries Made: 3
Time of Connection: 04-29-2025 18:17:13
Time Disconnected: 04-29-2025 18:17:33
Up time: PT20.425937S
--------------
Apr 29, 2025 6:25:49 PM LogClass logUserInfo
INFO: 
--------------
User ID: Karen
IP Address: 127.0.0.1
Port Number: 55136
Queries Made: 5
Time of Connection: 04-29-2025 18:25:30
Time Disconnected: 04-29-2025 18:25:49
Up time: PT19.612085S
--------------
Apr 29, 2025 6:26:18 PM LogClass logUserInfo
INFO: 
--------------
User ID: Sherry
IP Address: 127.0.0.1
Port Number: 55137
Queries Made: 5
Time of Connection: 04-29-2025 18:25:55
Time Disconnected: 04-29-2025 18:26:18
Up time: PT22.311547S
--------------
Apr 29, 2025 6:26:48 PM LogClass logUserInfo
INFO: 
--------------
User ID: Mary
IP Address: 127.0.0.1
Port Number: 55140
Queries Made: 5
Time of Connection: 04-29-2025 18:26:25
Time Disconnected: 04-29-2025 18:26:48
Up time: PT22.807989S
--------------
Apr 29, 2025 6:30:09 PM LogClass logUserInfo
INFO: 
--------------
User ID: Jerry
IP Address: 127.0.0.1
Port Number: 55150
Queries Made: 5
Time of Connection: 04-29-2025 18:29:49
Time Disconnected: 04-29-2025 18:30:09
Up time: PT20.978286S
--------------
Apr 29, 2025 6:32:54 PM LogClass logUserInfo
INFO: 
--------------
User ID: standby 
IP Address: 127.0.0.1
Port Number: 55161
Queries Made: 0
Time of Connection: 04-29-2025 18:32:45
Time Disconnected: 04-29-2025 18:32:54
Up time: PT8.759037S
--------------
Apr 29, 2025 6:32:54 PM LogClass logUserInfo
INFO: 
--------------
User ID: Jerry
IP Address: 127.0.0.1
Port Number: 55160
Queries Made: 5
Time of Connection: 04-29-2025 18:32:31
Time Disconnected: 04-29-2025 18:32:54
Up time: PT23.417299S
--------------
Apr 29, 2025 6:33:29 PM LogClass logUserInfo
INFO: 
--------------
User ID: Karen
IP Address: 127.0.0.1
Port Number: 55162
Queries Made: 5
Time of Connection: 04-29-2025 18:33:06
Time Disconnected: 04-29-2025 18:33:29
Up time: PT22.386116S
--------------
Apr 29, 2025 6:33:42 PM LogClass logUserInfo
INFO: 
--------------
User ID: Joe
IP Address: 127.0.0.1
Port Number: 55163
Queries Made: 5
Time of Connection: 04-29-2025 18:33:20
Time Disconnected: 04-29-2025 18:33:42
Up time: PT21.94152S
--------------
Apr 29, 2025 6:33:54 PM LogClass logUserInfo
INFO: 
--------------
User ID: Andrew
IP Address: 127.0.0.1
Port Number: 55165
Queries Made: 5
Time of Connection: 04-29-2025 18:33:34
Time Disconnected: 04-29-2025 18:33:54
Up time: PT20.565969S
--------------
Apr 29, 2025 6:34:09 PM LogClass logUserInfo
INFO: 
--------------
User ID: Mary
IP Address: 127.0.0.1
Port Number: 55167
Queries Made: 5
Time of Connection: 04-29-2025 18:33:42
Time Disconnected: 04-29-2025 18:34:09
Up time: PT26.696556S
--------------
Apr 29, 2025 6:34:10 PM LogClass logUserInfo
INFO: 
--------------
User ID: Jerry
IP Address: 127.0.0.1
Port Number: 55169
Queries Made: 5
Time of Connection: 04-29-2025 18:33:51
Time Disconnected: 04-29-2025 18:34:10
Up time: PT19.710237S
--------------
Apr 29, 2025 6:34:24 PM LogClass logUserInfo
INFO: 
--------------
User ID: Joe
IP Address: 127.0.0.1
Port Number: 55170
Queries Made: 5
Time of Connection: 04-29-2025 18:34:01
Time Disconnected: 04-29-2025 18:34:24
Up time: PT22.849807S
--------------
Apr 29, 2025 6:34:57 PM LogClass logUserInfo
INFO: 
--------------
User ID: Stevette
IP Address: 127.0.0.1
Port Number: 55173
Queries Made: 5
Time of Connection: 04-29-2025 18:34:35
Time Disconnected: 04-29-2025 18:34:57
Up time: PT22.110848S
--------------
Apr 29, 2025 6:35:16 PM LogClass logUserInfo
INFO: 
--------------
User ID: standyb
IP Address: 127.0.0.1
Port Number: 55171
Queries Made: 3
Time of Connection: 04-29-2025 18:34:17
Time Disconnected: 04-29-2025 18:35:16
Up time: PT58.732372S
--------------
Apr 29, 2025 6:35:35 PM LogClass logUserInfo
INFO: 
--------------
User ID: Karen
IP Address: 127.0.0.1
Port Number: 55174
Queries Made: 5
Time of Connection: 04-29-2025 18:35:12
Time Disconnected: 04-29-2025 18:35:35
Up time: PT23.22388S
--------------
Apr 29, 2025 6:35:44 PM LogClass logUserInfo
INFO: 
--------------
User ID: Stevette
IP Address: 127.0.0.1
Port Number: 55175
Queries Made: 5
Time of Connection: 04-29-2025 18:35:24
Time Disconnected: 04-29-2025 18:35:44
Up time: PT20.149616S
--------------
Apr 29, 2025 6:36:06 PM LogClass logUserInfo
INFO: 
--------------
User ID: Karen
IP Address: 127.0.0.1
Port Number: 55176
Queries Made: 5
Time of Connection: 04-29-2025 18:35:42
Time Disconnected: 04-29-2025 18:36:06
Up time: PT23.571311S
--------------
Apr 29, 2025 6:36:25 PM LogClass logUserInfo
INFO: 
--------------
User ID: Jeff
IP Address: 127.0.0.1
Port Number: 55177
Queries Made: 5
Time of Connection: 04-29-2025 18:36:01
Time Disconnected: 04-29-2025 18:36:25
Up time: PT23.936099S
--------------
Apr 29, 2025 6:36:56 PM LogClass logUserInfo
INFO: 
--------------
User ID: Jeff
IP Address: 127.0.0.1
Port Number: 55178
Queries Made: 5
Time of Connection: 04-29-2025 18:36:30
Time Disconnected: 04-29-2025 18:36:56
Up time: PT25.726707S
--------------
Apr 29, 2025 6:37:03 PM LogClass logUserInfo
INFO: 
--------------
User ID: Vishnu
IP Address: 127.0.0.1
Port Number: 55179
Queries Made: 5
Time of Connection: 04-29-2025 18:36:40
Time Disconnected: 04-29-2025 18:37:03
Up time: PT22.801434S
--------------
Apr 29, 2025 6:37:27 PM LogClass logUserInfo
INFO: 
--------------
User ID: standyby
IP Address: 127.0.0.1
Port Number: 55172
Queries Made: 3
Time of Connection: 04-29-2025 18:34:26
Time Disconnected: 04-29-2025 18:37:27
Up time: PT3M0.823457S
--------------
